
 *------------------------------------------------------------------------------------* 
 |                                                                                    | 
 |  *------------------------------------------------------------------------------*  | 
 |  |                                                                              |  | 
 |  |                                                                              |  | 
 |  |   PPP   Y   Y  TTTTT  H   H  III    A      Welcome to the Lund Monte Carlo!  |  | 
 |  |   P  P   Y Y     T    H   H   I    A A     This is PYTHIA version 8.135      |  | 
 |  |   PPP     Y      T    HHHHH   I   AAAAA    Last date of change: 10 Jan 2010  |  | 
 |  |   P       Y      T    H   H   I   A   A                                      |  | 
 |  |   P       Y      T    H   H  III  A   A    Now is 04 Jul 2010 at 17:17:04    |  | 
 |  |                                                                              |  | 
 |  |   Torbjorn Sjostrand;  Department of Theoretical Physics, Lund University,   |  | 
 |  |      Solvegatan 14A, SE-223 62 Lund, Sweden;                                 |  | 
 |  |      phone: + 46 - 46 - 222 48 16; e-mail: torbjorn@thep.lu.se               |  | 
 |  |   Stefan Ask;  School of Physics and Astronomy, University of Manchester,    |  | 
 |  |      Oxford Road, Manchester M13 9PL, United Kingdom;                        |  | 
 |  |      phone: + 41 - 22 - 767 5670; e-mail: Stefan.Ask@cern.ch                 |  | 
 |  |   Richard Corke;  Department of Theoretical Physics, Lund University,        |  | 
 |  |      Solvegatan 14A, SE-223 62 Lund, Sweden;                                 |  | 
 |  |      phone: + 46 - 46 - 222 31 92; e-mail: richard.corke@thep.lu.se          |  | 
 |  |   Stephen Mrenna;  Computing Division, Simulations Group,                    |  | 
 |  |      Fermi National Accelerator Laboratory, MS 234, Batavia, IL 60510, USA;  |  | 
 |  |      phone: + 1 - 630 - 840 - 2556; e-mail: mrenna@fnal.gov                  |  | 
 |  |   Peter Skands;  Theoretical Physics, CERN, CH-1211 Geneva 23, Switzerland;  |  | 
 |  |      phone: + 41 - 22 - 767 2447; e-mail: peter.skands@cern.ch               |  | 
 |  |                                                                              |  | 
 |  |   The main program reference is the 'Brief Introduction to PYTHIA 8.1',      |  | 
 |  |   T. Sjostrand, S. Mrenna and P. Skands, Comput. Phys. Comm. 178 (2008) 85   |  | 
 |  |   [arXiv:0710.3820]                                                          |  | 
 |  |                                                                              |  | 
 |  |   The main physics reference is the 'PYTHIA 6.4 Physics and Manual',         |  | 
 |  |   T. Sjostrand, S. Mrenna and P. Skands, JHEP05 (2006) 026 [hep-ph/0603175]. |  | 
 |  |                                                                              |  | 
 |  |   An archive of program versions and documentation is found on the web:      |  | 
 |  |   http://www.thep.lu.se/~torbjorn/Pythia.html                                |  | 
 |  |                                                                              |  | 
 |  |   This program is released under the GNU General Public Licence version 2.   |  | 
 |  |   Please respect the MCnet Guidelines for Event Generator Authors and Users. |  | 
 |  |                                                                              |  | 
 |  |   Disclaimer: this program comes without any guarantees.                     |  | 
 |  |   Beware of errors and use common sense when interpreting results.           |  | 
 |  |                                                                              |  | 
 |  |   Copyright (C) 2010 Torbjorn Sjostrand                                      |  | 
 |  |                                                                              |  | 
 |  |                                                                              |  | 
 |  *------------------------------------------------------------------------------*  | 
 |                                                                                    | 
 *------------------------------------------------------------------------------------* 

 PYTHIA Warning in ParticleDataEntry::initBWmass: switching off width for id = 10313
 PYTHIA Warning in ParticleDataEntry::initBWmass: switching off width for id = 10323
 PYTHIA Warning in ParticleDataEntry::initBWmass: switching off width for id = 10333

 *-------  PYTHIA Process Initialization  --------------------------*
 |                                                                  |
 | We collide e- with e+ at a CM energy of 5.000e+02 GeV            |
 |                                                                  |
 |------------------------------------------------------------------|
 |                                                    |             |
 | Subprocess                                    Code |   Estimated |
 |                                                    |    max (mb) |
 |                                                    |             |
 |------------------------------------------------------------------|
 |                                                    |             |
 | f fbar -> gamma*/Z0 gamma*/Z0                  231 |   8.326e-08 |
 | f fbar' -> Z0 W+- (no gamma*!)                 232 |   0.000e+00 |
 | f fbar -> W+ W-                                233 |   8.243e-07 |
 |                                                                  |
 *-------  End PYTHIA Process Initialization -----------------------*

 --------  PYTHIA Info Listing  ---------------------------------------- 
 
 Beam A: id =     11, pz =  2.500e+02, e =  2.500e+02, m =  5.110e-04.
 Beam B: id =    -11, pz = -2.500e+02, e =  2.500e+02, m =  5.110e-04.

 In 1: id =   11, x =  1.000e+00, pdf =  3.485e+06 at Q2 =  6.853e+03.
 In 2: id =  -11, x =  5.879e-01, pdf =  5.119e-02 at same Q2.

 Subprocess f fbar -> W+ W- with code 233 is 2 -> 2.
 It has sHat =  1.470e+05,    tHat = -1.202e+03,    uHat = -1.331e+05,
       pTHat =  2.856e+01,   m3Hat =  8.146e+01,   m4Hat =  7.770e+01,
    thetaHat =  1.645e-01,  phiHat =  5.267e+00.
     alphaEM =  7.811e-03,  alphaS =  1.280e-01    at Q2 =  7.146e+03.

 Impact parameter b = 0.000e+00 gives enhancement factor =  1.000e+00.
 Max pT scale for MI =  5.000e+02, ISR =  5.000e+02, FSR =  5.000e+02.
 Number of MI =     1, ISR =     1, FSRproc =     0, FSRreson =    41.

 --------  End PYTHIA Info Listing  ------------------------------------

 --------  PYTHIA Event Listing  (complete event)  --------------------------------------------------------------------------------- 
 
    no        id   name            status     mothers   daughters     colours      p_x        p_y        p_z         e          m 
     0        90   (system)           -11     0     0     0     0     0     0      0.000      0.000      0.000    500.000    500.000
     1        11   (e-)               -12     0     0    12     0     0     0      0.000      0.000    250.000    250.000      0.001
     2       -11   (e+)               -12     0     0    13     0     0     0      0.000      0.000   -250.000    250.000      0.001
     3        11   (e-)               -21     7     7     5     6     0     0      0.000      0.000    250.000    250.000      0.000
     4       -11   (e+)               -21     8     0     5     6     0     0      0.000      0.000   -146.979    146.979      0.000
     5       -24   (W-)               -22     3     4     9     9     0     0     15.035    -24.281    229.849    245.525     81.463
     6        24   (W+)               -22     3     4    10    10     0     0    -15.035     24.281   -126.829    151.454     77.699
     7        11   (e-)               -42    12    12     3     3     0     0     -0.000     -0.000    250.000    250.000      0.000
     8       -11   (e+)               -41    13    13    11     4     0     0      0.000      0.000   -250.000    250.000      0.000
     9       -24   (W-)               -44     5     5    14    14     0     0     13.718    -25.321    226.235    242.173     81.463
    10        24   (W+)               -44     6     6    15    15     0     0    -38.407      5.815   -128.137    154.807     77.699
    11        22   (gamma)            -43     8     0    16    16     0     0     24.689     19.506    -98.098    103.021      0.000
    12        11   (e-)               -61     1     0     7     7     0     0      0.000     -0.000    250.000    250.000      0.000
    13       -11   (e+)               -61     2     0     8     8     0     0      0.000      0.000   -250.000    250.000      0.000
    14       -24   (W-)               -62     9     9    19    20     0     0     13.718    -25.321    226.235    242.173     81.463
    15        24   (W+)               -62    10    10    69    70     0     0    -38.407      5.815   -128.137    154.807     77.699
    16        22   gamma               62    11    11     0     0     0     0     24.689     19.506    -98.098    103.021      0.000
    17        22   gamma               63     1     0     0     0     0     0      0.000      0.000      0.000      0.000      0.000
    18        22   gamma               63     2     0     0     0     0     0      0.000      0.000     -0.000      0.000      0.000
    19         3   (s)                -23    14     0    21    22   101     0      8.021    -53.784    115.101    127.301      0.500
    20        -4   (cbar)             -23    14     0    23    23     0   101      5.697     28.463    111.133    114.871      1.500
    21         3   (s)                -51    19     0    50    50   103     0      6.570    -44.923    105.291    114.663      0.500
    22        21   (g)                -51    19     0    24    25   101   103      1.532     -8.458     11.383     14.264      0.000
    23        -4   (cbar)             -52    20    20    26    26     0   101      5.617     28.059    109.560    113.246      1.500
    24        21   (g)                -51    22     0    33    34   104   103      1.090     -6.342     12.326     13.904      0.000
    25        21   (g)                -51    22     0    29    29   101   104      0.518     -1.736      0.538      1.889      0.000
    26        -4   (cbar)             -52    23    23    27    28     0   101      5.541     27.679    108.080    111.716      1.500
    27        -4   (cbar)             -51    26     0    47    47     0   105      0.174      2.915     11.606     12.062      1.500
    28        21   (g)                -51    26     0    32    32   105   101      5.394     24.674     96.502     99.752      0.000
    29        21   (g)                -52    25    25    30    31   101   104      0.491     -1.645      0.510      1.791      0.000
    30        21   (g)                -51    29     0    35    35   106   104     -0.310      0.518      3.986      4.032      0.000
    31        21   (g)                -51    29     0    39    40   101   106      1.008     -1.215      0.235      1.596      0.000
    32        21   (g)                -52    28    28    41    41   105   101      5.187     23.725     92.791     95.916      0.000
    33        21   (g)                -51    24     0    48    49   107   103      0.876     -0.849      2.806      3.060      0.000
    34        21   (g)                -51    24     0    38    38   104   107      0.156     -5.397     10.262     11.596      0.000
    35        21   (g)                -52    30    30    36    37   106   104     -0.252      0.422      3.243      3.280      0.000
    36        21   (g)                -51    35     0    56    56   106   108     -0.042      0.577      1.230      1.360      0.000
    37        21   (g)                -51    35     0    54    55   108   104     -0.168     -1.597      4.754      5.018      0.000
    38        21   (g)                -52    34    34    60    61   104   107      0.115     -3.956      7.521      8.499      0.000
    39        21   (g)                -51    31     0    59    59   109   106     -0.112     -0.668     -0.243      0.720      0.000
    40        21   (g)                -51    31     0    44    44   101   109      1.176     -0.289      1.484      1.915      0.000
    41        21   (g)                -52    32    32    42    43   105   101      5.130     23.468     91.785     94.877      0.000
    42        21   (g)                -51    41     0    45    46   105   110      3.554     13.373     52.079     53.886      0.000
    43        21   (g)                -51    41     0    53    53   110   101      1.597     10.090     39.733     41.025      0.000
    44        21   (g)                -52    40    40    51    52   101   109      1.155     -0.284      1.457      1.881      0.000
    45        -1   (dbar)             -51    42     0   219   219     0   110      1.849      9.069     35.210     36.407      0.330
    46         1   (d)                -51    42     0   151   152   105     0      1.517      3.927     15.437     16.004      0.330
    47        -4   (cbar)             -52    27    27   151   152     0   105      0.361      3.292     13.039     13.536      1.500
    48        21   (g)                -51    33     0    62    62   107   111     -0.018      0.076      0.409      0.416      0.000
    49        21   (g)                -51    33     0   206   206   111   103      1.302     -3.722      8.955      9.785      0.000
    50         3   (s)                -52    21    21   205   205   103     0      6.162    -42.125     98.733    107.522      0.500
    51        21   (g)                -51    44     0   215   215   112   109      0.968      0.317      0.963      1.401      0.000
    52        21   (g)                -51    44     0    68    68   101   112      0.244     -0.244      1.902      1.933      0.000
    53        21   (g)                -52    43    43    66    67   110   101      1.541      9.733     38.325     39.572      0.000
    54        21   (g)                -51    37     0    63    64   113   104     -0.586     -0.786      3.496      3.631      0.000
    55        21   (g)                -51    37     0    65    65   108   113      0.406     -0.639      1.625      1.793      0.000
    56        21   (g)                -52    36    36    57    58   106   108     -0.029      0.405      0.863      0.954      0.000
    57        21   (g)                -51    56     0   212   212   114   108     -0.418      0.419      0.490      0.769      0.000
    58        21   (g)                -51    56     0   213   213   106   114      0.333     -0.346      0.252      0.543      0.000
    59        21   (g)                -52    39    39   214   214   109   106     -0.056     -0.337     -0.123      0.363      0.000
    60        21   (g)                -51    38     0   209   209   104   115     -0.211     -0.926      2.727      2.888      0.000
    61        21   (g)                -51    38     0   208   208   115   107      0.314     -2.981      5.057      5.879      0.000
    62        21   (g)                -52    48    48   207   207   107   111     -0.006      0.027      0.146      0.148      0.000
    63        21   (g)                -51    54     0   210   210   116   104      0.136     -0.323      2.695      2.718      0.000
    64        21   (g)                -51    54     0   146     0   113   116     -0.390     -0.986      2.130      2.379      0.000
    65        21   (g)                -52    55    55   146     0   108   113      0.074     -0.116      0.296      0.326      0.000
    66        21   (g)                -51    53     0   218   218   110   119      0.521      5.878     23.161     23.900      0.000
    67        21   (g)                -51    53     0   217   217   119   101      1.036      3.839     15.289     15.797      0.000
    68        21   (g)                -52    52    52   216   216   101   112      0.228     -0.228      1.778      1.807      0.000
    69        -1   (dbar)             -23    15     0    73    73     0   102    -47.132     28.451   -114.322    126.888      0.330
    70         2   (u)                -23    15     0    71    72   102     0      8.725    -22.636    -13.814     27.919      0.330
    71         2   (u)                -51    70     0    88    88   121     0      0.742      4.825      0.307      4.902      0.330
    72        21   (g)                -51    70     0    76    76   102   121      3.320    -24.646    -25.432     35.570      0.000
    73        -1   (dbar)             -52    69    69    74    75     0   102    -42.469     25.636   -103.012    114.335      0.330
    74        -1   (dbar)             -51    73     0    82    82     0   122    -27.694     22.450    -62.708     72.135      0.330
    75        21   (g)                -51    73     0    77    78   122   102    -14.577      1.716    -41.821     44.321      0.000
    76        21   (g)                -52    72    72    79    79   102   121      3.122    -23.176    -23.915     33.448      0.000
    77        21   (g)                -51    75     0    80    81   122   123    -13.607      2.844    -31.675     34.591      0.000
    78        21   (g)                -51    75     0    85    85   123   102     -0.696     -3.159    -12.241     12.661      0.000
    79        21   (g)                -52    76    76    83    84   102   121      2.848    -21.145    -21.819     30.517      0.000
    80        21   (g)                -51    77     0    95    96   124   123     -7.944      2.904    -23.869     25.323      0.000
    81        21   (g)                -51    77     0    94    94   122   124     -9.845      3.332    -17.275     20.161      0.000
    82        -1   (dbar)             -52    74    74    92    93     0   122    -23.512     19.058    -53.239     61.242      0.330
    83        21   (g)                -51    79     0    86    87   125   121      2.069    -20.147    -22.787     30.486      0.000
    84        21   (g)                -51    79     0   109   109   102   125      0.687     -1.414     -0.647      1.700      0.000
    85        21   (g)                -52    78    78   107   108   123   102     -0.605     -2.742    -10.627     10.992      0.000
    86        21   (g)                -51    83     0   118   118   125   126      1.941     -5.267     -5.400      7.789      0.000
    87        21   (g)                -51    83     0    91    91   126   121      0.145    -14.770    -17.379     22.808      0.000
    88         2   (u)                -52    71    71    89    90   121     0      0.726      4.715      0.300      4.791      0.330
    89         2   (u)                -51    88     0   178   178   127     0     -0.313      4.120      0.799      4.221      0.330
    90        21   (g)                -51    88     0   104   105   121   127      1.046     -0.177     -1.408      1.763      0.000
    91        21   (g)                -52    87    87   106   106   126   121      0.138    -13.998    -16.470     21.615      0.000
    92        -1   (dbar)             -51    82     0   103   103     0   128    -20.107     16.188    -43.227     50.349      0.330
    93        21   (g)                -51    82     0   101   102   128   122     -5.379      3.538    -13.477     14.936      0.000
    94        21   (g)                -52    81    81    97    97   122   124     -7.871      2.664    -13.811     16.118      0.000
    95        21   (g)                -51    80     0   142   142   129   123    -10.156      3.495    -24.785     27.012      0.000
    96        21   (g)                -51    80     0    98    99   124   129     -0.666      0.383     -4.134      4.205      0.000
    97        21   (g)                -52    94    94   100   100   122   124     -4.993      1.690     -8.761     10.224      0.000
    98        21   (g)                -51    96     0   119   120   130   129     -3.108      1.682     -9.178      9.835      0.000
    99        21   (g)                -51    96     0   121   121   124   130     -0.992     -0.137     -0.983      1.403      0.000
   100        21   (g)                -52    97    97   115   115   122   124     -1.558      0.527     -2.735      3.191      0.000
   101        21   (g)                -51    93     0   113   114   131   122     -8.160      6.640    -20.746     23.261      0.000
   102        21   (g)                -51    93     0   136   136   128   131     -4.763      2.982     -8.923     10.545      0.000
   103        -1   (dbar)             -52    92    92   166   166     0   128    -12.563     10.104    -27.035     31.479      0.330
   104        21   (g)                -51    90     0   112   112   132   127     -0.148      0.179     -0.529      0.578      0.000
   105        21   (g)                -51    90     0   110   111   121   132      1.204     -1.429     -2.142      2.843      0.000
   106        21   (g)                -52    91    91   116   117   126   121      0.127    -12.924    -15.207     19.958      0.000
   107         1   (d)                -51    85     0   143   144   123     0      0.324     -0.426     -1.291      1.436      0.330
   108        -1   (dbar)             -51    85     0   130   130     0   102     -0.829     -2.520     -9.429      9.800      0.330
   109        21   (g)                -52    84    84   128   129   102   125      0.588     -1.210     -0.553      1.455      0.000
   110        21   (g)                -51   105     0   122   123   121   133      0.340     -0.307     -1.526      1.593      0.000
   111        21   (g)                -51   105     0   124   124   133   132      0.780     -1.021     -0.917      1.579      0.000
   112        21   (g)                -52   104   104   149     0   132   127     -0.064      0.077     -0.228      0.249      0.000
   113        21   (g)                -51   101     0   134   135   131   134     -8.373      6.180    -20.196     22.719      0.000
   114        21   (g)                -51   101     0   162   162   134   122     -0.450      0.684     -1.714      1.899      0.000
   115        21   (g)                -52   100   100   150     0   122   124     -0.896      0.303     -1.571      1.834      0.000
   116        21   (g)                -51   106     0   182   182   135   121     -0.127     -9.622    -11.749     15.187      0.000
   117        21   (g)                -51   106     0   137   138   126   135      0.522     -4.030     -4.204      5.847      0.000
   118        21   (g)                -52    86    86   139   139   125   126      1.673     -4.539     -4.654      6.713      0.000
   119        21   (g)                -51    98     0   140   141   136   129     -0.742      0.773     -2.039      2.303      0.000
   120        21   (g)                -51    98     0   127   127   130   136     -2.616      0.875     -7.385      7.883      0.000
   121        21   (g)                -52    99    99   125   126   124   130     -0.743     -0.102     -0.736      1.051      0.000
   122        21   (g)                -51   110     0   181   181   121   138      0.968     -1.139     -1.645      2.223      0.000
   123        21   (g)                -51   110     0   180   180   138   133     -0.024      0.041     -0.592      0.594      0.000
   124        21   (g)                -52   111   111   149     0   133   132      0.176     -0.230     -0.207      0.356      0.000
   125        21   (g)                -51   121     0   133   133   124   139     -1.131      0.593     -2.875      3.146      0.000
   126        21   (g)                -51   121     0   131   132   139   130     -0.799     -0.299     -1.212      1.482      0.000
   127        21   (g)                -52   120   120   158   158   130   136     -1.429      0.478     -4.035      4.307      0.000
   128        21   (g)                -51   109     0   185   185   140   125      0.739     -1.211     -0.723      1.592      0.000
   129        21   (g)                -51   109     0   148     0   102   140     -0.262     -0.333     -1.089      1.168      0.000
   130        -1   (dbar)             -52   108   108   148     0     0   102     -0.717     -2.186     -8.171      8.495      0.330
   131        21   (g)                -51   126     0   159   159   141   130     -1.658      0.318     -2.668      3.157      0.000
   132        21   (g)                -51   126     0   160   160   139   141     -0.105     -0.111     -0.993      1.005      0.000
   133        21   (g)                -52   125   125   150     0   124   139     -0.168      0.088     -0.426      0.466      0.000
   134        21   (g)                -51   113     0   163   163   143   134     -9.472      6.585    -21.990     24.832      0.000
   135        21   (g)                -51   113     0   164   164   131   143     -0.661      0.697     -1.503      1.784      0.000
   136        21   (g)                -52   102   102   165   165   128   131     -3.003      1.880     -5.626      6.649      0.000
   137        21   (g)                -51   117     0   183   183   144   135      0.197     -1.785     -2.236      2.867      0.000
   138        21   (g)                -51   117     0   147     0   126   144      1.473     -5.360     -5.161      7.585      0.000
   139        21   (g)                -52   118   118   147     0   125   126      0.525     -1.425     -1.461      2.107      0.000
   140        21   (g)                -51   119     0   157   157   136   145     -0.282      0.026     -0.267      0.389      0.000
   141        21   (g)                -51   119     0   156   156   145   129     -2.969      1.611     -7.898      8.590      0.000
   142        21   (g)                -52    95    95   145   145   129   123     -7.646      2.631    -18.660     20.336      0.000
   143         1   (d)                -51   107     0   153   153   146     0     -0.379     -0.376     -1.382      1.518      0.330
   144        21   (g)                -51   107     0   154   154   123   146      0.359      0.068     -0.748      0.833      0.000
   145        21   (g)                -52   142   142   155   155   129   123     -7.302      2.513    -17.821     19.422      0.000
   146        21   (g)                -73    64    65   211   211   108   116     -0.316     -1.102      2.426      2.706      0.348
   147        21   (g)                -73   138   139   184   184   125   144      1.998     -6.785     -6.622      9.692      0.257
   148        -1   (dbar)             -73   129   130   186   186     0   140     -0.979     -2.519     -9.260      9.663      0.579
   149        21   (g)                -73   112   124   179   179   133   127      0.112     -0.153     -0.435      0.605      0.375
   150        21   (g)                -73   115   133   161   161   122   139     -1.063      0.391     -1.997      2.300      0.132
   151      -211   pi-                 82    46    47     0     0     0     0      0.316      0.268      1.167      1.246      0.140
   152      -423   (D*bar0)           -82    46    47   270   271     0     0      1.562      6.951     27.309     28.294      2.007
   153         1   (d)                -71   143   143   167   177   146     0     -0.379     -0.376     -1.382      1.518      0.330
   154        21   (g)                -71   144   144   167   177   123   146      0.359      0.068     -0.748      0.833      0.000
   155        21   (g)                -71   145   145   167   177   129   123     -7.302      2.513    -17.821     19.422      0.000
   156        21   (g)                -71   141   141   167   177   145   129     -2.969      1.611     -7.898      8.590      0.000
   157        21   (g)                -71   140   140   167   177   136   145     -0.282      0.026     -0.267      0.389      0.000
   158        21   (g)                -71   127   127   167   177   130   136     -1.429      0.478     -4.035      4.307      0.000
   159        21   (g)                -71   131   131   167   177   141   130     -1.658      0.318     -2.668      3.157      0.000
   160        21   (g)                -71   132   132   167   177   139   141     -0.105     -0.111     -0.993      1.005      0.000
   161        21   (g)                -71   150   150   167   177   122   139     -1.063      0.391     -1.997      2.300      0.132
   162        21   (g)                -71   114   114   167   177   134   122     -0.450      0.684     -1.714      1.899      0.000
   163        21   (g)                -71   134   134   167   177   143   134     -9.472      6.585    -21.990     24.832      0.000
   164        21   (g)                -71   135   135   167   177   131   143     -0.661      0.697     -1.503      1.784      0.000
   165        21   (g)                -71   136   136   167   177   128   131     -3.003      1.880     -5.626      6.649      0.000
   166        -1   (dbar)             -71   103   103   167   177     0   128    -12.563     10.104    -27.035     31.479      0.330
   167      -213   (rho-)             -83   153   166   239   240     0     0     -0.834      0.098     -2.711      3.113      1.280
   168      2112   n0                  83   153   166     0     0     0     0     -2.829      0.736     -7.212      7.838      0.940
   169       211   pi+                 83   153   166     0     0     0     0     -1.710      0.823     -5.403      5.728      0.140
   170     -2212   pbar-               83   153   166     0     0     0     0     -1.263      0.473     -3.734      4.080      0.938
   171       113   (rho0)             -83   153   166   241   242     0     0     -2.658      0.727     -6.630      7.220      0.758
   172       223   (omega)            -84   153   166   272   274     0     0     -7.439      3.867    -16.749     18.746      0.775
   173       223   (omega)            -84   153   166   275   277     0     0     -2.342      1.851     -6.307      7.022      0.788
   174       331   (eta')             -84   153   166   278   280     0     0     -3.555      2.277     -7.061      8.282      0.958
   175       113   (rho0)             -84   153   166   243   244     0     0     -4.014      3.465     -9.986     11.342      0.888
   176       211   pi+                 84   153   166     0     0     0     0     -6.592      4.661    -13.377     15.625      0.140
   177       221   (eta)              -84   153   166   281   282     0     0     -7.740      5.890    -16.505     19.165      0.548
   178         2   (u)                -71    89    89   187   204   127     0     -0.313      4.120      0.799      4.221      0.330
   179        21   (g)                -71   149   149   187   204   133   127      0.112     -0.153     -0.435      0.605      0.375
   180        21   (g)                -71   123   123   187   204   138   133     -0.024      0.041     -0.592      0.594      0.000
   181        21   (g)                -71   122   122   187   204   121   138      0.968     -1.139     -1.645      2.223      0.000
   182        21   (g)                -71   116   116   187   204   135   121     -0.127     -9.622    -11.749     15.187      0.000
   183        21   (g)                -71   137   137   187   204   144   135      0.197     -1.785     -2.236      2.867      0.000
   184        21   (g)                -71   147   147   187   204   125   144      1.998     -6.785     -6.622      9.692      0.257
   185        21   (g)                -71   128   128   187   204   140   125      0.739     -1.211     -0.723      1.592      0.000
   186        -1   (dbar)             -71   148   148   187   204     0   140     -0.979     -2.519     -9.260      9.663      0.579
   187       211   pi+                 83   178   186     0     0     0     0     -0.316      0.375      0.137      0.528      0.140
   188      -213   (rho-)             -83   178   186   245   246     0     0      0.122      2.242      0.285      2.548      1.170
   189       213   (rho+)             -83   178   186   247   248     0     0     -0.193      1.651     -0.422      1.841      0.668
   190      -211   pi-                 83   178   186     0     0     0     0      0.318     -0.748     -0.537      0.984      0.140
   191       111   (pi0)              -83   178   186   283   284     0     0      0.280     -1.046     -1.421      1.791      0.135
   192       211   pi+                 83   178   186     0     0     0     0     -0.225     -0.878     -1.164      1.482      0.140
   193       311   (K0)               -83   178   186   249   249     0     0      0.557     -1.479     -1.976      2.579      0.498
   194      -321   K-                  83   178   186     0     0     0     0     -0.172     -2.426     -2.907      3.822      0.494
   195       213   (rho+)             -83   178   186   250   251     0     0      0.759     -3.589     -4.039      5.500      0.694
   196       111   (pi0)              -83   178   186   285   286     0     0      0.637     -0.896     -0.723      1.322      0.135
   197       113   (rho0)             -83   178   186   252   253     0     0      0.188     -4.205     -4.917      6.518      0.769
   198       111   (pi0)              -83   178   186   287   288     0     0      0.489     -2.854     -2.896      4.097      0.135
   199       113   (rho0)             -84   178   186   254   255     0     0      0.667     -1.509     -2.186      2.854      0.805
   200      -211   pi-                 84   178   186     0     0     0     0      0.025     -0.188     -1.021      1.048      0.140
   201       211   pi+                 84   178   186     0     0     0     0     -0.365     -0.730     -1.951      2.120      0.140
   202       313   (K*0)              -84   178   186   256   257     0     0      0.141     -1.429     -3.378      3.783      0.917
   203      -311   (Kbar0)            -84   178   186   258   258     0     0     -0.101     -0.900     -1.053      1.475      0.498
   204       111   (pi0)              -84   178   186   289   290     0     0     -0.240     -0.444     -2.293      2.352      0.135
   205         3   (s)                -71    50    50   220   238   103     0      6.162    -42.125     98.733    107.522      0.500
   206        21   (g)                -71    49    49   220   238   111   103      1.302     -3.722      8.955      9.785      0.000
   207        21   (g)                -71    62    62   220   238   107   111     -0.006      0.027      0.146      0.148      0.000
   208        21   (g)                -71    61    61   220   238   115   107      0.314     -2.981      5.057      5.879      0.000
   209        21   (g)                -71    60    60   220   238   104   115     -0.211     -0.926      2.727      2.888      0.000
   210        21   (g)                -71    63    63   220   238   116   104      0.136     -0.323      2.695      2.718      0.000
   211        21   (g)                -71   146   146   220   238   108   116     -0.316     -1.102      2.426      2.706      0.348
   212        21   (g)                -71    57    57   220   238   114   108     -0.418      0.419      0.490      0.769      0.000
   213        21   (g)                -71    58    58   220   238   106   114      0.333     -0.346      0.252      0.543      0.000
   214        21   (g)                -71    59    59   220   238   109   106     -0.056     -0.337     -0.123      0.363      0.000
   215        21   (g)                -71    51    51   220   238   112   109      0.968      0.317      0.963      1.401      0.000
   216        21   (g)                -71    68    68   220   238   101   112      0.228     -0.228      1.778      1.807      0.000
   217        21   (g)                -71    67    67   220   238   119   101      1.036      3.839     15.289     15.797      0.000
   218        21   (g)                -71    66    66   220   238   110   119      0.521      5.878     23.161     23.900      0.000
   219        -1   (dbar)             -71    45    45   220   238     0   110      1.849      9.069     35.210     36.407      0.330
   220      -321   K-                  83   205   219     0     0     0     0      0.938     -7.288     17.524     19.009      0.494
   221       223   (omega)            -83   205   219   291   293     0     0      4.331    -24.231     55.502     60.721      0.785
   222       211   pi+                 83   205   219     0     0     0     0      1.020     -6.367     16.305     17.535      0.140
   223       311   (K0)               -83   205   219   259   259     0     0      0.083     -4.827     10.073     11.182      0.498
   224      -311   (Kbar0)            -83   205   219   260   260     0     0      0.614     -3.248      8.369      9.012      0.498
   225      -211   pi-                 83   205   219     0     0     0     0      0.072     -0.187      0.342      0.420      0.140
   226       223   (omega)            -83   205   219   294   296     0     0      0.572     -2.202      5.624      6.119      0.803
   227       111   (pi0)              -83   205   219   297   298     0     0      0.359     -1.995      4.917      5.320      0.135
   228       223   (omega)            -84   205   219   299   301     0     0     -0.395     -0.143      0.921      1.280      0.783
   229       211   pi+                 84   205   219     0     0     0     0     -0.060     -0.298      0.359      0.491      0.140
   230      -211   pi-                 84   205   219     0     0     0     0     -0.139     -0.118      1.071      1.095      0.140
   231       221   (eta)              -84   205   219   302   304     0     0     -0.156     -0.024     -0.033      0.571      0.548
   232       211   pi+                 84   205   219     0     0     0     0      0.751     -0.565      2.178      2.376      0.140
   233      -211   pi-                 84   205   219     0     0     0     0     -0.344      0.519      1.145      1.311      0.140
   234       211   pi+                 84   205   219     0     0     0     0      0.143      0.065      0.416      0.466      0.140
   235      -213   (rho-)             -84   205   219   261   262     0     0      1.000      1.532      5.875      6.247      1.074
   236       113   (rho0)             -84   205   219   263   264     0     0      0.358      0.504      3.301      3.462      0.840
   237       213   (rho+)             -84   205   219   265   266     0     0      0.344      2.600     11.219     11.550      0.815
   238       113   (rho0)             -84   205   219   267   268     0     0      2.349     13.731     52.651     54.467      0.733
   239      -211   pi-                 91   167     0     0     0     0     0     -1.156      0.160     -2.033      2.348      0.140
   240       111   (pi0)              -91   167     0   305   306     0     0      0.322     -0.061     -0.678      0.765      0.135
   241       211   pi+                 91   171     0     0     0     0     0     -0.981     -0.075     -2.299      2.505      0.140
   242      -211   pi-                 91   171     0     0     0     0     0     -1.677      0.802     -4.331      4.715      0.140
   243       211   pi+                 91   175     0     0     0     0     0     -2.985      2.230     -6.358      7.371      0.140
   244      -211   pi-                 91   175     0     0     0     0     0     -1.029      1.235     -3.628      3.971      0.140
   245      -211   pi-                 91   188     0     0     0     0     0      0.468      1.959      0.036      2.019      0.140
   246       111   (pi0)              -91   188     0   307   308     0     0     -0.345      0.283      0.249      0.529      0.135
   247       211   pi+                 91   189     0     0     0     0     0     -0.293      0.906      0.011      0.962      0.140
   248       111   (pi0)              -91   189     0   309   310     0     0      0.100      0.746     -0.433      0.879      0.135
   249       130   K_L0                91   193   193     0     0     0     0      0.557     -1.479     -1.976      2.579      0.498
   250       211   pi+                 91   195     0     0     0     0     0      0.370     -1.367     -2.013      2.465      0.140
   251       111   (pi0)              -91   195     0   311   312     0     0      0.389     -2.221     -2.025      3.034      0.135
   252       211   pi+                 91   197     0     0     0     0     0     -0.201     -0.816     -1.195      1.467      0.140
   253      -211   pi-                 91   197     0     0     0     0     0      0.389     -3.389     -3.723      5.051      0.140
   254       211   pi+                 91   199     0     0     0     0     0      0.624     -0.827     -0.851      1.348      0.140
   255      -211   pi-                 91   199     0     0     0     0     0      0.043     -0.681     -1.335      1.506      0.140
   256       311   (K0)               -91   202     0   269   269     0     0      0.335     -1.111     -2.156      2.498      0.498
   257       111   (pi0)              -91   202     0   313   314     0     0     -0.194     -0.318     -1.222      1.285      0.135
   258       130   K_L0                91   203   203     0     0     0     0     -0.101     -0.900     -1.053      1.475      0.498
   259       130   K_L0                91   223   223     0     0     0     0      0.083     -4.827     10.073     11.182      0.498
   260       130   K_L0                91   224   224     0     0     0     0      0.614     -3.248      8.369      9.012      0.498
   261      -211   pi-                 91   235     0     0     0     0     0      0.075      0.154      2.205      2.216      0.140
   262       111   (pi0)              -91   235     0   315   316     0     0      0.926      1.378      3.670      4.030      0.135
   263       211   pi+                 91   236     0     0     0     0     0      0.217     -0.155      0.560      0.636      0.140
   264      -211   pi-                 91   236     0     0     0     0     0      0.141      0.659      2.741      2.826      0.140
   265       211   pi+                 91   237     0     0     0     0     0      0.256      0.485      1.518      1.620      0.140
   266       111   (pi0)              -91   237     0   317   318     0     0      0.088      2.115      9.702      9.931      0.135
   267       211   pi+                 91   238     0     0     0     0     0      0.803      5.358     19.280     20.027      0.140
   268      -211   pi-                 91   238     0     0     0     0     0      1.546      8.374     33.371     34.440      0.140
   269       310   (K_S0)             -91   256   256   319   320     0     0      0.335     -1.111     -2.156      2.498      0.498
   270      -421   (Dbar0)            -91   152     0   321   323     0     0      1.422      6.392     24.986     25.897      1.865
   271       111   (pi0)              -91   152     0   324   325     0     0      0.140      0.559      2.323      2.398      0.135
   272       211   pi+                 91   172     0     0     0     0     0     -3.432      1.865     -7.485      8.444      0.140
   273      -211   pi-                 91   172     0     0     0     0     0     -0.709      0.496     -1.667      1.884      0.140
   274       111   (pi0)              -91   172     0   326   327     0     0     -3.298      1.506     -7.597      8.419      0.135
   275       211   pi+                 91   173     0     0     0     0     0     -0.663      0.632     -2.331      2.508      0.140
   276      -211   pi-                 91   173     0     0     0     0     0     -0.902      0.887     -2.176      2.521      0.140
   277       111   (pi0)              -91   173     0   328   329     0     0     -0.777      0.333     -1.800      1.993      0.135
   278       111   (pi0)              -91   174     0   330   331     0     0     -0.377      0.328     -0.943      1.075      0.135
   279       111   (pi0)              -91   174     0   332   333     0     0     -0.953      0.419     -1.833      2.113      0.135
   280       221   (eta)              -91   174     0   334   335     0     0     -2.225      1.530     -4.285      5.094      0.548
   281        22   gamma               91   177     0     0     0     0     0     -0.480      0.486     -0.971      1.187      0.000
   282        22   gamma               91   177     0     0     0     0     0     -7.261      5.404    -15.534     17.978      0.000
   283        22   gamma               91   191     0     0     0     0     0      0.117     -0.444     -0.494      0.674      0.000
   284        22   gamma               91   191     0     0     0     0     0      0.163     -0.602     -0.927      1.117      0.000
   285        22   gamma               91   196     0     0     0     0     0      0.610     -0.839     -0.713      1.259      0.000
   286        22   gamma               91   196     0     0     0     0     0      0.027     -0.057     -0.010      0.064      0.000
   287        22   gamma               91   198     0     0     0     0     0      0.475     -2.547     -2.566      3.647      0.000
   288        22   gamma               91   198     0     0     0     0     0      0.014     -0.307     -0.329      0.450      0.000
   289        22   gamma               91   204     0     0     0     0     0     -0.168     -0.340     -1.424      1.474      0.000
   290        22   gamma               91   204     0     0     0     0     0     -0.072     -0.104     -0.869      0.878      0.000
   291       211   pi+                 91   221     0     0     0     0     0      1.856     -9.786     22.651     24.745      0.140
   292      -211   pi-                 91   221     0     0     0     0     0      1.533     -8.838     19.548     21.508      0.140
   293       111   (pi0)              -91   221     0   336   337     0     0      0.942     -5.607     13.303     14.468      0.135
   294       211   pi+                 91   226     0     0     0     0     0      0.300     -0.637      1.197      1.396      0.140
   295      -211   pi-                 91   226     0     0     0     0     0      0.150     -1.126      2.695      2.928      0.140
   296       111   (pi0)              -91   226     0   338   339     0     0      0.122     -0.439      1.731      1.795      0.135
   297        22   gamma               91   227     0     0     0     0     0      0.074     -0.399      1.134      1.204      0.000
   298        22   gamma               91   227     0     0     0     0     0      0.286     -1.595      3.783      4.116      0.000
   299       211   pi+                 91   228     0     0     0     0     0     -0.109      0.086      0.434      0.477      0.140
   300      -211   pi-                 91   228     0     0     0     0     0     -0.229     -0.348      0.405      0.598      0.140
   301       111   (pi0)              -91   228     0   340   341     0     0     -0.057      0.119      0.082      0.206      0.135
   302       111   (pi0)              -91   231     0   342   343     0     0     -0.013      0.072      0.036      0.158      0.135
   303       111   (pi0)              -91   231     0   344   345     0     0     -0.088      0.056      0.041      0.175      0.135
   304       111   (pi0)              -91   231     0   346   347     0     0     -0.055     -0.152     -0.109      0.237      0.135
   305        22   gamma               91   240     0     0     0     0     0      0.241     -0.063     -0.612      0.660      0.000
   306        22   gamma               91   240     0     0     0     0     0      0.081      0.001     -0.066      0.105      0.000
   307        22   gamma               91   246     0     0     0     0     0      0.007      0.010     -0.008      0.014      0.000
   308        22   gamma               91   246     0     0     0     0     0     -0.352      0.273      0.257      0.514      0.000
   309        22   gamma               91   248     0     0     0     0     0      0.080      0.666     -0.333      0.749      0.000
   310        22   gamma               91   248     0     0     0     0     0      0.020      0.080     -0.101      0.130      0.000
   311        22   gamma               91   251     0     0     0     0     0      0.003     -0.076     -0.101      0.127      0.000
   312        22   gamma               91   251     0     0     0     0     0      0.386     -2.146     -1.924      2.908      0.000
   313        22   gamma               91   257     0     0     0     0     0      0.016     -0.020     -0.156      0.158      0.000
   314        22   gamma               91   257     0     0     0     0     0     -0.210     -0.298     -1.067      1.127      0.000
   315        22   gamma               91   262     0     0     0     0     0      0.372      0.485      1.224      1.368      0.000
   316        22   gamma               91   262     0     0     0     0     0      0.554      0.893      2.446      2.662      0.000
   317        22   gamma               91   266     0     0     0     0     0      0.008      0.068      0.442      0.448      0.000
   318        22   gamma               91   266     0     0     0     0     0      0.080      2.047      9.259      9.483      0.000
   319       111   (pi0)              -91   269     0   348   349     0     0      0.085     -0.302     -0.302      0.456      0.135
   320       111   (pi0)              -91   269     0   350   351     0     0      0.250     -0.809     -1.854      2.043      0.135
   321       321   K+                  91   270     0     0     0     0     0      1.555      3.815     16.761     17.266      0.494
   322      -211   pi-                 91   270     0     0     0     0     0     -0.115      0.502      1.711      1.793      0.140
   323       111   (pi0)              -91   270     0   352   353     0     0     -0.018      2.075      6.514      6.838      0.135
   324        22   gamma               91   271     0     0     0     0     0      0.050      0.079      0.566      0.573      0.000
   325        22   gamma               91   271     0     0     0     0     0      0.090      0.479      1.758      1.824      0.000
   326        22   gamma               91   274     0     0     0     0     0     -3.194      1.432     -7.315      8.110      0.000
   327        22   gamma               91   274     0     0     0     0     0     -0.104      0.074     -0.281      0.309      0.000
   328        22   gamma               91   277     0     0     0     0     0     -0.376      0.115     -0.957      1.034      0.000
   329        22   gamma               91   277     0     0     0     0     0     -0.401      0.217     -0.843      0.959      0.000
   330        22   gamma               91   278     0     0     0     0     0     -0.032      0.058     -0.058      0.088      0.000
   331        22   gamma               91   278     0     0     0     0     0     -0.345      0.269     -0.885      0.987      0.000
   332        22   gamma               91   279     0     0     0     0     0     -0.601      0.324     -1.125      1.316      0.000
   333        22   gamma               91   279     0     0     0     0     0     -0.352      0.095     -0.709      0.797      0.000
   334        22   gamma               91   280     0     0     0     0     0     -2.159      1.430     -3.824      4.618      0.000
   335        22   gamma               91   280     0     0     0     0     0     -0.067      0.099     -0.460      0.476      0.000
   336        22   gamma               91   293     0     0     0     0     0      0.899     -5.471     12.950     14.087      0.000
   337        22   gamma               91   293     0     0     0     0     0      0.043     -0.137      0.354      0.381      0.000
   338        22   gamma               91   296     0     0     0     0     0      0.134     -0.255      1.149      1.184      0.000
   339        22   gamma               91   296     0     0     0     0     0     -0.012     -0.184      0.583      0.611      0.000
   340        22   gamma               91   301     0     0     0     0     0      0.024      0.086      0.078      0.118      0.000
   341        22   gamma               91   301     0     0     0     0     0     -0.081      0.033      0.004      0.087      0.000
   342        22   gamma               91   302     0     0     0     0     0      0.014      0.095     -0.013      0.097      0.000
   343        22   gamma               91   302     0     0     0     0     0     -0.027     -0.023      0.049      0.061      0.000
   344        22   gamma               91   303     0     0     0     0     0     -0.032      0.093      0.003      0.098      0.000
   345        22   gamma               91   303     0     0     0     0     0     -0.056     -0.037      0.038      0.077      0.000
   346        22   gamma               91   304     0     0     0     0     0     -0.001      0.004      0.025      0.025      0.000
   347        22   gamma               91   304     0     0     0     0     0     -0.054     -0.156     -0.134      0.213      0.000
   348        22   gamma               91   319     0     0     0     0     0     -0.003     -0.207     -0.223      0.304      0.000
   349        22   gamma               91   319     0     0     0     0     0      0.088     -0.094     -0.079      0.151      0.000
   350        22   gamma               91   320     0     0     0     0     0      0.050     -0.342     -0.659      0.744      0.000
   351        22   gamma               91   320     0     0     0     0     0      0.200     -0.467     -1.195      1.299      0.000
   352        22   gamma               91   323     0     0     0     0     0      0.000      0.021      0.128      0.129      0.000
   353        22   gamma               91   323     0     0     0     0     0     -0.018      2.054      6.386      6.708      0.000
                                   Charge sum:  0.000           Momentum sum:      0.000     -0.000      0.000    500.000    500.000

 --------  End PYTHIA Event Listing  -----------------------------------------------------------------------------------------------
