
 *------------------------------------------------------------------------------------* 
 |                                                                                    | 
 |  *------------------------------------------------------------------------------*  | 
 |  |                                                                              |  | 
 |  |                                                                              |  | 
 |  |   PPP   Y   Y  TTTTT  H   H  III    A      Welcome to the Lund Monte Carlo!  |  | 
 |  |   P  P   Y Y     T    H   H   I    A A     This is PYTHIA version 8.135      |  | 
 |  |   PPP     Y      T    HHHHH   I   AAAAA    Last date of change: 10 Jan 2010  |  | 
 |  |   P       Y      T    H   H   I   A   A                                      |  | 
 |  |   P       Y      T    H   H  III  A   A    Now is 04 Jul 2010 at 15:44:14    |  | 
 |  |                                                                              |  | 
 |  |   Torbjorn Sjostrand;  Department of Theoretical Physics, Lund University,   |  | 
 |  |      Solvegatan 14A, SE-223 62 Lund, Sweden;                                 |  | 
 |  |      phone: + 46 - 46 - 222 48 16; e-mail: torbjorn@thep.lu.se               |  | 
 |  |   Stefan Ask;  School of Physics and Astronomy, University of Manchester,    |  | 
 |  |      Oxford Road, Manchester M13 9PL, United Kingdom;                        |  | 
 |  |      phone: + 41 - 22 - 767 5670; e-mail: Stefan.Ask@cern.ch                 |  | 
 |  |   Richard Corke;  Department of Theoretical Physics, Lund University,        |  | 
 |  |      Solvegatan 14A, SE-223 62 Lund, Sweden;                                 |  | 
 |  |      phone: + 46 - 46 - 222 31 92; e-mail: richard.corke@thep.lu.se          |  | 
 |  |   Stephen Mrenna;  Computing Division, Simulations Group,                    |  | 
 |  |      Fermi National Accelerator Laboratory, MS 234, Batavia, IL 60510, USA;  |  | 
 |  |      phone: + 1 - 630 - 840 - 2556; e-mail: mrenna@fnal.gov                  |  | 
 |  |   Peter Skands;  Theoretical Physics, CERN, CH-1211 Geneva 23, Switzerland;  |  | 
 |  |      phone: + 41 - 22 - 767 2447; e-mail: peter.skands@cern.ch               |  | 
 |  |                                                                              |  | 
 |  |   The main program reference is the 'Brief Introduction to PYTHIA 8.1',      |  | 
 |  |   T. Sjostrand, S. Mrenna and P. Skands, Comput. Phys. Comm. 178 (2008) 85   |  | 
 |  |   [arXiv:0710.3820]                                                          |  | 
 |  |                                                                              |  | 
 |  |   The main physics reference is the 'PYTHIA 6.4 Physics and Manual',         |  | 
 |  |   T. Sjostrand, S. Mrenna and P. Skands, JHEP05 (2006) 026 [hep-ph/0603175]. |  | 
 |  |                                                                              |  | 
 |  |   An archive of program versions and documentation is found on the web:      |  | 
 |  |   http://www.thep.lu.se/~torbjorn/Pythia.html                                |  | 
 |  |                                                                              |  | 
 |  |   This program is released under the GNU General Public Licence version 2.   |  | 
 |  |   Please respect the MCnet Guidelines for Event Generator Authors and Users. |  | 
 |  |                                                                              |  | 
 |  |   Disclaimer: this program comes without any guarantees.                     |  | 
 |  |   Beware of errors and use common sense when interpreting results.           |  | 
 |  |                                                                              |  | 
 |  |   Copyright (C) 2010 Torbjorn Sjostrand                                      |  | 
 |  |                                                                              |  | 
 |  |                                                                              |  | 
 |  *------------------------------------------------------------------------------*  | 
 |                                                                                    | 
 *------------------------------------------------------------------------------------* 

 PYTHIA Warning in ParticleDataEntry::initBWmass: switching off width for id = 10313
 PYTHIA Warning in ParticleDataEntry::initBWmass: switching off width for id = 10323
 PYTHIA Warning in ParticleDataEntry::initBWmass: switching off width for id = 10333

 *-------  PYTHIA Process Initialization  --------------------------*
 |                                                                  |
 | We collide e- with e+ at a CM energy of 1.400e+04 GeV            |
 |                                                                  |
 |------------------------------------------------------------------|
 |                                                    |             |
 | Subprocess                                    Code |   Estimated |
 |                                                    |    max (mb) |
 |                                                    |             |
 |------------------------------------------------------------------|
 |                                                    |             |
 | f fbar -> gamma*/Z0 gamma*/Z0                  231 |   2.281e-10 |
 | f fbar' -> Z0 W+- (no gamma*!)                 232 |   0.000e+00 |
 | f fbar -> W+ W-                                233 |   6.084e-09 |
 |                                                                  |
 *-------  End PYTHIA Process Initialization -----------------------*

 --------  PYTHIA Info Listing  ---------------------------------------- 
 
 Beam A: id =     11, pz =  7.000e+03, e =  7.000e+03, m =  5.110e-04.
 Beam B: id =    -11, pz = -7.000e+03, e =  7.000e+03, m =  5.110e-04.

 In 1: id =   11, x =  1.000e+00, pdf =  1.930e+07 at Q2 =  4.497e+07.
 In 2: id =  -11, x =  9.876e-01, pdf =  4.434e+00 at same Q2.

 Subprocess f fbar -> W+ W- with code 233 is 2 -> 2.
 It has sHat =  1.936e+08,    tHat = -1.225e+08,    uHat = -7.102e+07,
       pTHat =  6.705e+03,   m3Hat =  8.061e+01,   m4Hat =  8.472e+01,
    thetaHat =  1.840e+00,  phiHat =  4.002e+00.
     alphaEM =  8.218e-03,  alphaS =  7.605e-02    at Q2 =  4.497e+07.

 Impact parameter b = 0.000e+00 gives enhancement factor =  1.000e+00.
 Max pT scale for MI =  1.400e+04, ISR =  1.400e+04, FSR =  1.400e+04.
 Number of MI =     1, ISR =     2, FSRproc =     0, FSRreson =     7.

 --------  End PYTHIA Info Listing  ------------------------------------

 --------  PYTHIA Event Listing  (complete event)  --------------------------------------------------------------------------------- 
 
    no        id   name            status     mothers   daughters     colours      p_x        p_y        p_z         e          m 
     0        90   (system)           -11     0     0     0     0     0     0      0.000      0.000      0.000  14000.000  14000.000
     1        11   (e-)               -12     0     0    18     0     0     0      0.000      0.000   7000.000   7000.000      0.001
     2       -11   (e+)               -12     0     0    19     0     0     0      0.000      0.000  -7000.000   7000.000      0.001
     3        11   (e-)               -21     7     7     5     6     0     0      0.000      0.000   7000.000   7000.000      0.000
     4       -11   (e+)               -21     8     0     5     6     0     0      0.000      0.000  -6913.455   6913.455      0.000
     5       -24   (W-)               -22     3     4     9     9     0     0  -4374.668  -5081.554  -1808.097   6945.187     80.614
     6        24   (W+)               -22     3     4    10    10     0     0   4374.668   5081.554   1894.642   6968.268     84.717
     7        11   (e-)               -42    12    12     3     3     0     0     -0.000      0.000   7000.000   7000.000      0.000
     8       -11   (e+)               -41    13     0    11     4     0     0      0.000     -0.000  -6916.583   6916.583      0.000
     9       -24   (W-)               -44     5     5    14    14     0     0  -4374.581  -5083.459  -1808.151   6946.541     80.614
    10        24   (W+)               -44     6     6    15    15     0     0   4374.718   5080.450   1892.459   6966.901     84.717
    11        22   (gamma)            -43     8     0    16    16     0     0     -0.137      3.009     -0.892      3.142      0.000
    12        11   (e-)               -42    18    18     7     7     0     0     -0.000     -0.000   7000.000   7000.000      0.000
    13       -11   (e+)               -41    19    19    17     8     0     0      0.000      0.000  -7000.000   7000.000      0.000
    14       -24   (W-)               -44     9     9    20    20     0     0  -4374.581  -5083.459  -1808.151   6946.540     80.614
    15        24   (W+)               -44    10    10    21    21     0     0   4374.718   5080.450   1892.459   6966.901     84.717
    16        22   (gamma)            -44    11    11    22    22     0     0     -0.137      3.009     -0.892      3.142      0.000
    17        22   (gamma)            -43    13     0    23    23     0     0     -0.001     -0.001    -83.417     83.417      0.000
    18        11   (e-)               -61     1     0    12    12     0     0      0.000      0.000   7000.000   7000.000      0.000
    19       -11   (e+)               -61     2     0    13    13     0     0      0.000      0.000  -7000.000   7000.000      0.000
    20       -24   (W-)               -62    14    14    26    27     0     0  -4374.581  -5083.459  -1808.151   6946.540     80.614
    21        24   (W+)               -62    15    15    46    47     0     0   4374.718   5080.450   1892.459   6966.901     84.717
    22        22   gamma               62    16    16     0     0     0     0     -0.137      3.009     -0.892      3.142      0.000
    23        22   gamma               62    17    17     0     0     0     0     -0.001     -0.001    -83.417     83.417      0.000
    24        22   gamma               63     1     0     0     0     0     0      0.000      0.000      0.000      0.000      0.000
    25        22   gamma               63     2     0     0     0     0     0      0.000      0.000     -0.000      0.000      0.000
    26         3   (s)                -23    20     0    28    29   101     0  -2078.818  -2466.216   -893.518   3346.951      0.500
    27        -4   (cbar)             -23    20     0    30    30     0   101  -2295.763  -2617.243   -914.633   3599.589      1.500
    28         3   (s)                -51    26     0    36    36   103     0   -979.788  -1167.980   -421.059   1581.598      0.500
    29        21   (g)                -51    26     0    33    33   101   103  -1122.526  -1325.021   -481.819   1802.191      0.000
    30        -4   (cbar)             -52    27    27    31    32     0   101  -2272.267  -2590.458   -905.273   3562.751      1.500
    31        -4   (cbar)             -51    30     0    62    62     0   104  -2024.159  -2306.683   -807.319   3173.290      1.500
    32        21   (g)                -51    30     0    45    45   104   101   -253.582   -290.237   -100.304    398.249      0.000
    33        21   (g)                -52    29    29    34    35   101   103  -1117.051  -1318.559   -479.469   1793.403      0.000
    34        21   (g)                -51    33     0    37    38   101   105  -1075.884  -1270.754   -462.480   1728.071      0.000
    35        21   (g)                -51    33     0    39    39   105   103   -107.806   -127.251    -45.627    172.907      0.000
    36         3   (s)                -52    28    28    40    41   103     0   -913.150  -1088.535   -392.421   1474.023      0.500
    37         2   (u)                -51    34     0    43    44   101     0   -422.842   -498.497   -181.581    678.429      0.330
    38        -2   (ubar)             -51    34     0    54    54     0   105   -701.416   -829.356   -301.372   1127.227      0.330
    39        21   (g)                -52    35    35    42    42   105   103    -59.432    -70.151    -25.153     95.321      0.000
    40         3   (s)                -51    36     0    52    52   109     0   -852.301  -1016.232   -366.151   1375.941      0.500
    41        21   (g)                -51    36     0    51     0   103   109    -77.139    -91.530    -33.165    124.210      0.000
    42        21   (g)                -52    39    39    51     0   105   103    -43.142    -50.923    -18.259     69.194      0.000
    43         2   (u)                -51    37     0    59    59   110     0   -402.756   -474.647   -172.498    645.955      0.330
    44        21   (g)                -51    37     0    60    60   101   110    -23.873    -28.184    -10.580     38.421      0.000
    45        21   (g)                -52    32    32    61    61   104   101   -249.796   -285.903    -98.806    392.302      0.000
    46       -13   (mu+)              -23    21     0    48    49     0     0   3247.667   3727.589   1420.141   5143.837      0.106
    47        14   (nu_mu)            -23    21     0    50    50     0     0   1127.051   1352.861    472.318   1823.064      0.000
    48       -13   mu+                 51    46     0     0     0     0     0   2823.487   3240.688   1232.905   4471.486      0.106
    49        22   gamma               51    46     0     0     0     0     0    427.669    491.088    188.698    677.993      0.000
    50        14   nu_mu               52    47    47     0     0     0     0   1123.563   1348.674    470.857   1817.422      0.000
    51        21   (g)                -73    41    42    53    53   105   109   -120.281   -142.453    -51.424    193.403      0.379
    52         3   (s)                -71    40    40    55    58   109     0   -852.301  -1016.232   -366.151   1375.941      0.500
    53        21   (g)                -71    51    51    55    58   105   109   -120.281   -142.453    -51.424    193.403      0.379
    54        -2   (ubar)             -71    38    38    55    58     0   105   -701.416   -829.356   -301.372   1127.227      0.330
    55      -323   (K*-)              -83    52    54    73    74     0     0   -515.387   -614.447   -221.673    832.051      0.873
    56       211   pi+                 83    52    54     0     0     0     0   -281.960   -336.076   -120.421    454.918      0.140
    57       113   (rho0)             -83    52    54    75    76     0     0   -633.134   -748.895   -272.191   1017.737      0.653
    58      -211   pi-                 84    52    54     0     0     0     0   -243.517   -288.624   -104.662    391.866      0.140
    59         2   (u)                -71    43    43    63    72   110     0   -402.756   -474.647   -172.498    645.955      0.330
    60        21   (g)                -71    44    44    63    72   101   110    -23.873    -28.184    -10.580     38.421      0.000
    61        21   (g)                -71    45    45    63    72   104   101   -249.796   -285.903    -98.806    392.302      0.000
    62        -4   (cbar)             -71    31    31    63    72     0   104  -2024.159  -2306.683   -807.319   3173.290      1.500
    63       223   (omega)            -83    59    62    86    88     0     0   -233.041   -274.789    -99.824    373.875      0.783
    64       211   pi+                 83    59    62     0     0     0     0    -29.709    -34.780    -13.012     47.556      0.140
    65      -213   (rho-)             -84    59    62    77    78     0     0    -74.173    -87.106    -31.084    118.558      0.798
    66       221   (eta)              -84    59    62    89    91     0     0    -41.596    -48.324    -17.106     66.017      0.548
    67       213   (rho+)             -84    59    62    79    80     0     0    -41.261    -48.103    -17.323     65.704      0.780
    68       111   (pi0)              -84    59    62    92    93     0     0    -48.693    -57.169    -20.252     77.779      0.135
    69       113   (rho0)             -84    59    62    81    82     0     0    -48.463    -55.978    -20.173     76.744      0.738
    70       111   (pi0)              -84    59    62    94    95     0     0    -10.911    -11.879     -4.254     16.681      0.135
    71      -213   (rho-)             -84    59    62    83    84     0     0  -1111.152  -1266.978   -442.978   1742.447      0.812
    72      -421   (Dbar0)            -84    59    62    96    98     0     0  -1061.586  -1210.310   -423.198   1664.607      1.865
    73      -311   (Kbar0)            -91    55     0    85    85     0     0   -373.914   -446.147   -161.027    603.977      0.498
    74      -211   pi-                 91    55     0     0     0     0     0   -141.473   -168.300    -60.646    228.073      0.140
    75       211   pi+                 91    57     0     0     0     0     0   -529.989   -626.654   -227.927    851.783      0.140
    76      -211   pi-                 91    57     0     0     0     0     0   -103.145   -122.240    -44.264    165.954      0.140
    77      -211   pi-                 91    65     0     0     0     0     0     -9.516    -11.403     -3.854     15.344      0.140
    78       111   (pi0)              -91    65     0    99   100     0     0    -64.657    -75.703    -27.230    103.213      0.135
    79       211   pi+                 91    67     0     0     0     0     0     -8.781    -10.101     -3.942     13.953      0.140
    80       111   (pi0)              -91    67     0   101   102     0     0    -32.480    -38.002    -13.382     51.751      0.135
    81       211   pi+                 91    69     0     0     0     0     0    -16.299    -19.243     -6.696     26.092      0.140
    82      -211   pi-                 91    69     0     0     0     0     0    -32.164    -36.735    -13.477     50.652      0.140
    83      -211   pi-                 91    71     0     0     0     0     0   -548.274   -624.655   -218.667    859.426      0.140
    84       111   (pi0)              -91    71     0   103   104     0     0   -562.878   -642.324   -224.311    883.021      0.135
    85       310   (K_S0)             -91    73    73   105   106     0     0   -373.914   -446.147   -161.027    603.977      0.498
    86       211   pi+                 91    63     0     0     0     0     0    -58.233    -68.413    -24.942     93.239      0.140
    87      -211   pi-                 91    63     0     0     0     0     0    -73.185    -86.612    -31.580    117.707      0.140
    88       111   (pi0)              -91    63     0   107   108     0     0   -101.622   -119.764    -43.303    162.928      0.135
    89       211   pi+                 91    66     0     0     0     0     0    -26.983    -31.396    -11.075     42.854      0.140
    90      -211   pi-                 91    66     0     0     0     0     0     -7.443     -8.719     -3.095     11.875      0.140
    91       111   (pi0)              -91    66     0   109   110     0     0     -7.170     -8.209     -2.935     11.288      0.135
    92        22   gamma               91    68     0     0     0     0     0    -26.066    -30.702    -10.840     41.708      0.000
    93        22   gamma               91    68     0     0     0     0     0    -22.627    -26.467     -9.412     36.070      0.000
    94        22   gamma               91    70     0     0     0     0     0     -1.005     -1.147     -0.385      1.573      0.000
    95        22   gamma               91    70     0     0     0     0     0     -9.906    -10.732     -3.869     15.108      0.000
    96       321   K+                  91    72     0     0     0     0     0   -796.271   -908.222   -317.769   1248.956      0.494
    97      -211   pi-                 91    72     0     0     0     0     0   -218.502   -248.971    -87.106    342.516      0.140
    98       111   (pi0)              -91    72     0   111   112     0     0    -46.813    -53.118    -18.322     73.135      0.135
    99        22   gamma               91    78     0     0     0     0     0    -27.560    -32.170    -11.606     43.922      0.000
   100        22   gamma               91    78     0     0     0     0     0    -37.097    -43.533    -15.624     59.291      0.000
   101        22   gamma               91    80     0     0     0     0     0     -0.882     -1.009     -0.342      1.383      0.000
   102        22   gamma               91    80     0     0     0     0     0    -31.598    -36.993    -13.039     50.368      0.000
   103        22   gamma               91    84     0     0     0     0     0    -81.802    -93.339    -32.548    128.308      0.000
   104        22   gamma               91    84     0     0     0     0     0   -481.076   -548.985   -191.763    754.713      0.000
   105       211   pi+                 91    85     0     0     0     0     0   -143.748   -171.212    -61.864    231.958      0.140
   106      -211   pi-                 91    85     0     0     0     0     0   -230.165   -274.935    -99.162    372.020      0.140
   107        22   gamma               91    88     0     0     0     0     0    -85.279   -100.512    -36.392    136.747      0.000
   108        22   gamma               91    88     0     0     0     0     0    -16.343    -19.251     -6.911     26.182      0.000
   109        22   gamma               91    91     0     0     0     0     0     -0.622     -0.771     -0.269      1.027      0.000
   110        22   gamma               91    91     0     0     0     0     0     -6.548     -7.437     -2.666     10.262      0.000
   111        22   gamma               91    98     0     0     0     0     0     -4.804     -5.498     -1.917      7.549      0.000
   112        22   gamma               91    98     0     0     0     0     0    -42.008    -47.620    -16.404     65.586      0.000
                                   Charge sum:  0.000           Momentum sum:      0.000      0.000      0.000  14000.000  14000.000

 --------  End PYTHIA Event Listing  -----------------------------------------------------------------------------------------------
 PYTHIA Warning in PhaseSpace2to2tauyz::trialKin: maximum for cross section violated  
